<?xml version="1.0" encoding="UTF-8"?>
<!-- Generated by org.testng.reporters.JUnitReportReporter -->
<testsuite skipped="0" hostname="DESKTOP-NVR4121" name="test1.ChromeExample" tests="1" failures="0" timestamp="22 Apr 2020 09:23:02 GMT" time="25.410" errors="0">
  <testcase name="OpenChromeBrowser" time="25.410" classname="test1.ChromeExample"/>
</testsuite> <!-- test1.ChromeExample -->
